 * Running on http://127.0.0.1:5000/ (Press CTRL+C to quit)
 * Restarting with stat
 * Debugger is active!
 * Debugger pin code: 289-386-486
Traceback (most recent call last):
  File "/fenghua/git/Salt-MWDS/app.py", line 14, in <module>
    app.run(debug=True)
  File "/fenghua/git/Salt-MWDS/env/lib/python3.4/site-packages/flask/app.py", line 843, in run
    run_simple(host, port, self, **options)
  File "/fenghua/git/Salt-MWDS/env/lib/python3.4/site-packages/werkzeug/serving.py", line 677, in run_simple
    s.bind((hostname, port))
OSError: [Errno 48] Address already in use
 * Running on http://127.0.0.1:5000/ (Press CTRL+C to quit)
 * Restarting with stat
 * Debugger is active!
 * Debugger pin code: 289-386-486
 * Running on http://127.0.0.1:5000/ (Press CTRL+C to quit)
 * Restarting with stat
 * Debugger is active!
 * Debugger pin code: 289-386-486
 * Running on http://127.0.0.1:5000/ (Press CTRL+C to quit)
 * Restarting with stat
 * Debugger is active!
 * Debugger pin code: 289-386-486
 * Running on http://127.0.0.1:5000/ (Press CTRL+C to quit)
 * Restarting with stat
 * Debugger is active!
 * Debugger pin code: 289-386-486
 * Running on http://127.0.0.1:5000/ (Press CTRL+C to quit)
 * Restarting with stat
 * Debugger is active!
 * Debugger pin code: 289-386-486
 * Running on http://127.0.0.1:5000/ (Press CTRL+C to quit)
 * Restarting with stat
 * Debugger is active!
 * Debugger pin code: 289-386-486
